2025-07-10 13:41:00 | INFO | Server running on port 5000
2025-07-10 13:42:03 | INFO | Server running on port 5000
2025-07-10 16:32:36 | INFO | Server running on port 5000
2025-07-10 16:32:37 | INFO | Server running on port 5000
2025-07-10 16:32:42 | INFO | Server running on port 5000
2025-07-10 16:32:47 | INFO | Server running on port 5000
2025-07-10 16:32:53 | INFO | Server running on port 5000
2025-07-10 16:33:28 | INFO | Server running on port 5000
2025-07-10 16:33:31 | INFO | Server running on port 5000
2025-07-10 16:33:34 | INFO | Server running on port 5000
2025-07-10 16:33:37 | INFO | Server running on port 5000
2025-07-10 16:35:01 | INFO | Server running on port 5000
2025-07-10 16:35:09 | INFO | Server running on port 5000
2025-07-10 16:35:21 | INFO | Server running on port 5000
2025-07-10 16:35:24 | INFO | Server running on port 5000
2025-07-10 16:35:31 | INFO | Server running on port 5000
2025-07-10 16:35:34 | INFO | Server running on port 5000
2025-07-10 16:35:41 | INFO | Server running on port 5000
2025-07-10 17:01:31 | INFO | Server running on port 5000
2025-07-10 18:34:00 | INFO | Server running on port 5000
2025-07-11 16:39:45 | INFO | Server running on port 5000
2025-07-12 10:33:45 | INFO | Server running on port 5000
2025-07-12 10:45:08 | INFO | Server running on port 5000
2025-07-12 10:45:11 | INFO | Server running on port 5000
2025-07-12 10:45:15 | INFO | Server running on port 5000
2025-07-12 10:46:12 | INFO | Server running on port 5000
2025-07-12 10:46:26 | INFO | Server running on port 5000
2025-07-12 10:46:53 | INFO | Server running on port 5000
2025-07-12 10:53:30 | INFO | Server running on port 5000
2025-07-12 10:53:34 | INFO | Server running on port 5000
2025-07-12 10:53:36 | INFO | Server running on port 5000
2025-07-12 10:53:38 | INFO | Server running on port 5000
2025-07-12 11:01:33 | INFO | Server running on port 5000
2025-07-12 11:02:00 | INFO | Server running on port 5000
2025-07-12 12:44:43 | INFO | Server running on port 5000
2025-07-12 12:44:53 | INFO | Server running on port 5000
2025-07-12 12:44:57 | INFO | Server running on port 5000
2025-07-12 12:45:02 | INFO | Server running on port 5000
2025-07-12 12:45:09 | INFO | Server running on port 5000
2025-07-12 12:46:18 | INFO | Server running on port 5000
2025-07-12 12:46:19 | INFO | Server running on port 5000
2025-07-12 12:46:23 | INFO | Server running on port 5000
2025-07-12 12:46:26 | INFO | Server running on port 5000
2025-07-12 12:46:40 | INFO | Server running on port 5000
2025-07-20 22:12:13 | INFO | Server running on port 5000
2025-07-20 22:12:49 | INFO | Server running on port 5000
2025-07-20 22:37:14 | INFO | Server running on port 5000
2025-07-20 22:37:28 | INFO | Server running on port 5000
2025-07-20 22:37:35 | INFO | Server running on port 5000
2025-07-20 22:37:42 | INFO | Server running on port 5000
2025-07-20 22:37:45 | INFO | Server running on port 5000
2025-07-20 22:37:48 | INFO | Server running on port 5000
2025-07-20 22:37:52 | INFO | Server running on port 5000
2025-07-20 22:37:54 | INFO | Server running on port 5000
2025-07-20 22:37:56 | INFO | Server running on port 5000
2025-07-20 22:37:59 | INFO | Server running on port 5000
2025-07-20 22:38:05 | INFO | Server running on port 5000
2025-07-20 22:38:06 | INFO | Server running on port 5000
2025-07-20 22:38:10 | INFO | Server running on port 5000
2025-07-20 22:38:13 | INFO | Server running on port 5000
2025-07-20 22:38:21 | INFO | Server running on port 5000
2025-07-20 22:38:34 | INFO | Server running on port 5000
2025-07-20 22:38:38 | INFO | Server running on port 5000
2025-07-20 22:38:42 | INFO | Server running on port 5000
2025-07-20 22:38:48 | INFO | Server running on port 5000
2025-07-20 22:38:49 | INFO | Server running on port 5000
2025-07-20 22:38:53 | INFO | Server running on port 5000
2025-07-20 22:39:14 | INFO | Server running on port 5000
2025-07-20 22:39:17 | INFO | Server running on port 5000
2025-07-20 22:39:19 | INFO | Server running on port 5000
2025-07-20 22:39:29 | INFO | Server running on port 5000
2025-07-20 22:39:41 | INFO | Server running on port 5000
2025-07-20 22:39:47 | INFO | Server running on port 5000
2025-07-20 22:39:49 | INFO | Server running on port 5000
2025-07-20 22:41:18 | INFO | Server running on port 5000
2025-07-20 22:41:23 | INFO | Server running on port 5000
2025-07-20 22:41:39 | INFO | Server running on port 5000
2025-07-20 22:41:48 | INFO | Server running on port 5000
2025-07-20 22:41:56 | INFO | Server running on port 5000
2025-07-20 22:41:58 | INFO | Server running on port 5000
2025-07-20 22:41:59 | INFO | Server running on port 5000
2025-07-20 22:42:00 | INFO | Server running on port 5000
2025-07-20 22:43:59 | INFO | Server running on port 5000
2025-07-20 22:44:03 | INFO | Server running on port 5000
2025-07-20 22:44:06 | INFO | Server running on port 5000
2025-07-20 22:44:18 | INFO | Server running on port 5000
2025-07-20 22:44:47 | INFO | Server running on port 5000
2025-07-20 22:45:35 | INFO | Server running on port 5000
2025-07-20 22:45:36 | INFO | Server running on port 5000
2025-07-20 22:45:37 | INFO | Server running on port 5000
2025-07-20 22:47:50 | INFO | Server running on port 5000
2025-07-20 22:47:56 | INFO | Server running on port 5000
2025-07-20 22:47:59 | INFO | Server running on port 5000
2025-07-20 22:49:38 | INFO | Server running on port 5000
2025-07-20 22:52:58 | INFO | Server running on port 5000
2025-07-20 22:53:00 | INFO | Server running on port 5000
2025-07-20 23:10:31 | INFO | Server running on port 5000
2025-07-20 23:10:45 | INFO | Server running on port 5000
2025-07-20 23:10:52 | INFO | Server running on port 5000
2025-07-20 23:10:56 | INFO | Server running on port 5000
2025-07-20 23:11:02 | INFO | Server running on port 5000
2025-07-20 23:11:11 | INFO | Server running on port 5000
2025-07-20 23:11:21 | INFO | Server running on port 5000
2025-07-20 23:11:35 | INFO | Server running on port 5000
2025-07-20 23:11:56 | INFO | Server running on port 5000
2025-07-20 23:12:27 | INFO | Server running on port 5000
2025-07-20 23:59:46 | INFO | Server running on port 5000
2025-07-20 23:59:56 | INFO | Server running on port 5000
2025-07-21 00:00:01 | INFO | Server running on port 5000
2025-07-21 00:00:04 | INFO | Server running on port 5000
2025-07-21 00:00:11 | INFO | Server running on port 5000
2025-07-21 00:00:15 | INFO | Server running on port 5000
2025-07-21 00:00:21 | INFO | Server running on port 5000
2025-07-21 00:00:24 | INFO | Server running on port 5000
2025-07-21 00:00:28 | INFO | Server running on port 5000
2025-07-21 00:00:33 | INFO | Server running on port 5000
2025-07-21 00:00:36 | INFO | Server running on port 5000
2025-07-21 00:09:21 | INFO | Server running on port 5000
2025-07-21 00:09:22 | INFO | Server running on port 5000
2025-07-21 00:09:26 | INFO | Server running on port 5000
2025-07-21 00:09:28 | INFO | Server running on port 5000
2025-07-21 00:09:33 | INFO | Server running on port 5000
2025-07-21 00:09:40 | INFO | Server running on port 5000
2025-07-21 00:09:41 | INFO | Server running on port 5000
2025-07-21 00:09:46 | INFO | Server running on port 5000
2025-07-21 00:09:52 | INFO | Server running on port 5000
2025-07-21 00:10:00 | INFO | Server running on port 5000
2025-07-21 00:10:34 | INFO | Server running on port 5000
2025-07-21 02:02:46 | INFO | Server running on port 5000
2025-07-21 20:51:53 | INFO | Server running on port 5000
2025-07-21 20:52:37 | INFO | Server running on port 5000
2025-07-21 20:58:44 | INFO | Server running on port 5000
2025-07-21 21:07:08 | INFO | Server running on port 5000
2025-07-21 21:07:34 | INFO | Server running on port 5000
2025-07-21 21:07:43 | INFO | Server running on port 5000
2025-07-21 21:09:05 | INFO | Server running on port 5000
2025-07-21 21:09:12 | INFO | Server running on port 5000
2025-07-21 21:09:14 | INFO | Server running on port 5000
2025-07-21 21:12:47 | INFO | Server running on port 5000
2025-07-21 21:12:53 | INFO | Server running on port 5000
2025-07-21 21:12:55 | INFO | Server running on port 5000
2025-07-21 21:14:45 | INFO | Server running on port 5000
2025-07-21 21:15:37 | INFO | Server running on port 5000
2025-07-21 21:15:41 | INFO | Server running on port 5000
2025-07-22 21:35:20 | INFO | Server running on port 5000
2025-07-22 21:37:09 | INFO | Server running on port 5000
2025-07-22 22:05:23 | INFO | Server running on port 5000
2025-07-22 22:06:19 | INFO | Server running on port 5000
2025-07-22 22:11:16 | INFO | Server running on port 5000
2025-07-22 22:13:27 | INFO | Server running on port 5000
2025-07-22 22:17:08 | INFO | Server running on port 5000
2025-07-22 22:19:04 | INFO | Server running on port 5000
2025-07-22 22:19:13 | INFO | Server running on port 5000
2025-07-22 22:19:26 | INFO | Server running on port 5000
2025-07-22 22:19:33 | INFO | Server running on port 5000
2025-07-22 22:20:01 | INFO | Server running on port 5000
2025-07-23 20:46:17 | INFO | Server running on port 5000
2025-07-23 20:46:47 | INFO | Server running on port 5000
2025-07-23 21:48:32 | INFO | Server running on port 5000
2025-07-23 21:54:47 | INFO | Server running on port 5000
2025-07-23 22:01:58 | INFO | Server running on port 5000
2025-07-23 22:01:59 | INFO | Server running on port 5000
2025-07-23 22:02:06 | INFO | Server running on port 5000
2025-07-23 22:04:05 | INFO | Server running on port 5000
2025-07-23 22:04:07 | INFO | Server running on port 5000
2025-07-23 22:04:13 | INFO | Server running on port 5000
2025-07-23 22:04:22 | INFO | Server running on port 5000
2025-07-23 22:04:29 | INFO | Server running on port 5000
2025-07-23 22:04:37 | INFO | Server running on port 5000
2025-07-23 22:04:40 | INFO | Server running on port 5000
2025-07-23 22:04:44 | INFO | Server running on port 5000
2025-07-23 22:04:48 | INFO | Server running on port 5000
2025-07-23 22:04:54 | INFO | Server running on port 5000
2025-07-23 22:05:43 | INFO | Server running on port 5000
2025-07-23 22:05:49 | INFO | Server running on port 5000
2025-07-23 22:05:53 | INFO | Server running on port 5000
2025-07-23 22:05:57 | INFO | Server running on port 5000
2025-07-23 22:06:11 | INFO | Server running on port 5000
2025-07-23 22:06:36 | INFO | Server running on port 5000
2025-07-23 22:06:41 | INFO | Server running on port 5000
2025-07-23 22:06:44 | INFO | Server running on port 5000
2025-07-23 22:06:46 | INFO | Server running on port 5000
2025-07-23 22:06:49 | INFO | Server running on port 5000
2025-07-23 22:06:54 | INFO | Server running on port 5000
2025-07-23 22:07:06 | INFO | Server running on port 5000
2025-07-23 22:07:09 | INFO | Server running on port 5000
2025-07-23 22:07:30 | INFO | Server running on port 5000
2025-07-23 22:07:32 | INFO | Server running on port 5000
2025-07-23 22:07:49 | INFO | Server running on port 5000
2025-07-23 22:08:39 | INFO | Server running on port 5000
2025-07-23 22:08:42 | INFO | Server running on port 5000
2025-07-23 22:08:47 | ERROR | TypeError: callback is not a function
    at Query.<anonymous> (D:\React\postmanback\models\apiModel.js:24:14)
    at Query.<anonymous> (D:\React\postmanback\node_modules\mysql\lib\Connection.js:526:10)
    at Query._callback (D:\React\postmanback\node_modules\mysql\lib\Connection.js:488:16)
    at Sequence.end (D:\React\postmanback\node_modules\mysql\lib\protocol\sequences\Sequence.js:83:24)
    at Query._handleFinalResultPacket (D:\React\postmanback\node_modules\mysql\lib\protocol\sequences\Query.js:149:8)
    at Query.OkPacket (D:\React\postmanback\node_modules\mysql\lib\protocol\sequences\Query.js:74:10)
    at Protocol._parsePacket (D:\React\postmanback\node_modules\mysql\lib\protocol\Protocol.js:291:23)
    at Parser._parsePacket (D:\React\postmanback\node_modules\mysql\lib\protocol\Parser.js:433:10)
    at Parser.write (D:\React\postmanback\node_modules\mysql\lib\protocol\Parser.js:43:10)
    at Protocol.write (D:\React\postmanback\node_modules\mysql\lib\protocol\Protocol.js:38:16)
2025-07-23 22:10:50 | INFO | Server running on port 5000
2025-07-23 22:32:16 | INFO | Server running on port 5000
2025-07-23 22:32:23 | INFO | Server running on port 5000
2025-07-23 23:07:09 | INFO | Server running on port 5000
2025-07-23 23:07:13 | INFO | Server running on port 5000
2025-07-23 23:07:15 | INFO | Server running on port 5000
2025-07-23 23:16:41 | INFO | Server running on port 5000
2025-07-23 23:21:02 | INFO | Server running on port 5000
2025-07-23 23:21:04 | INFO | Server running on port 5000
2025-07-23 23:21:12 | INFO | Server running on port 5000
2025-07-23 23:22:04 | INFO | Server running on port 5000
2025-07-23 23:22:09 | INFO | Server running on port 5000
2025-07-23 23:25:05 | INFO | Server running on port 5000
2025-07-23 23:25:08 | INFO | Server running on port 5000
2025-07-23 23:25:57 | INFO | Server running on port 5000
2025-07-23 23:25:58 | INFO | Server running on port 5000
2025-07-23 23:42:07 | INFO | Server running on port 5000
2025-07-23 23:43:28 | INFO | Server running on port 5000
2025-07-23 23:43:31 | INFO | Server running on port 5000
2025-07-23 23:43:37 | INFO | Server running on port 5000
2025-07-23 23:44:37 | INFO | Server running on port 5000
2025-07-23 23:44:40 | INFO | Server running on port 5000
2025-07-23 23:44:45 | INFO | Server running on port 5000
2025-07-23 23:44:51 | INFO | Server running on port 5000
2025-07-23 23:44:54 | INFO | Server running on port 5000
2025-08-16 20:27:42 | INFO | Server running on port 5000
2025-08-16 20:28:02 | INFO | Server running on port 5000
2025-08-16 21:18:51 | INFO | Server running on port 5000
2025-08-16 21:18:54 | INFO | Server running on port 5000
2025-08-16 21:18:58 | INFO | Server running on port 5000
2025-08-16 21:19:01 | INFO | Server running on port 5000
2025-08-16 21:19:03 | INFO | Server running on port 5000
2025-08-16 21:19:05 | INFO | Server running on port 5000
2025-08-16 21:19:13 | INFO | Server running on port 5000
2025-08-16 21:19:17 | INFO | Server running on port 5000
2025-08-16 21:19:20 | INFO | Server running on port 5000
2025-08-16 21:19:24 | INFO | Server running on port 5000
2025-08-16 21:19:25 | INFO | Server running on port 5000
2025-08-16 21:19:29 | INFO | Server running on port 5000
2025-08-16 21:19:32 | INFO | Server running on port 5000
2025-08-16 21:19:34 | INFO | Server running on port 5000
2025-08-16 21:19:39 | INFO | Server running on port 5000
2025-08-16 21:19:52 | INFO | Server running on port 5000
2025-08-16 21:20:02 | INFO | Server running on port 5000
2025-08-16 21:20:10 | INFO | Server running on port 5000
2025-08-16 21:20:12 | INFO | Server running on port 5000
2025-08-16 21:20:28 | INFO | Server running on port 5000
2025-08-16 21:20:32 | INFO | Server running on port 5000
2025-08-16 21:20:41 | INFO | Server running on port 5000
2025-08-16 21:20:48 | INFO | Server running on port 5000
2025-08-17 07:32:58 | INFO | Server running on port 5000
2025-08-17 07:33:19 | INFO | Server running on port 5000
2025-08-17 07:33:36 | INFO | Server running on port 5000
2025-08-17 07:33:48 | INFO | Server running on port 5000
2025-08-17 07:41:56 | INFO | Server running on port 5000
2025-08-17 07:42:05 | INFO | Server running on port 5000
2025-08-17 07:42:31 | INFO | Server running on port 5000
2025-08-17 07:42:37 | INFO | Server running on port 5000
2025-08-17 07:42:41 | INFO | Server running on port 5000
2025-08-17 07:42:50 | INFO | Server running on port 5000
2025-08-17 07:42:55 | INFO | Server running on port 5000
2025-08-17 07:42:58 | INFO | Server running on port 5000
2025-08-17 07:43:07 | INFO | Server running on port 5000
2025-08-17 07:45:00 | INFO | Server running on port 5000
2025-08-17 07:45:06 | INFO | Server running on port 5000
2025-08-17 07:45:09 | INFO | Server running on port 5000
2025-08-17 07:59:36 | INFO | Server running on port 5000
2025-08-17 07:59:39 | INFO | Server running on port 5000
2025-08-17 07:59:44 | INFO | Server running on port 5000
2025-08-17 08:00:36 | INFO | Server running on port 5000
2025-08-17 08:00:55 | INFO | Server running on port 5000
2025-08-17 08:01:00 | INFO | Server running on port 5000
2025-08-17 08:01:54 | INFO | Server running on port 5000
2025-08-17 08:01:56 | INFO | Server running on port 5000
2025-08-17 08:02:03 | INFO | Server running on port 5000
2025-08-17 08:02:36 | INFO | Server running on port 5000
2025-08-17 08:02:37 | INFO | Server running on port 5000
2025-08-17 11:04:46 | INFO | Server running on port 5000
2025-08-17 11:05:03 | INFO | Server running on port 5000
2025-08-17 11:05:27 | INFO | Server running on port 5000
2025-08-17 11:05:33 | INFO | Server running on port 5000
2025-08-17 11:05:41 | INFO | Server running on port 5000
2025-08-17 11:05:55 | INFO | Server running on port 5000
2025-08-17 11:05:57 | INFO | Server running on port 5000
2025-08-17 11:06:00 | INFO | Server running on port 5000
2025-08-17 11:06:06 | INFO | Server running on port 5000
2025-08-17 11:06:28 | INFO | Server running on port 5000
2025-08-17 11:06:32 | INFO | Server running on port 5000
2025-08-17 11:06:38 | INFO | Server running on port 5000
2025-08-17 11:10:31 | INFO | Server running on port 5000
2025-08-17 11:10:43 | INFO | Server running on port 5000
2025-08-17 11:12:03 | INFO | Server running on port 5000
2025-08-17 11:12:45 | INFO | Server running on port 5000
2025-08-17 11:12:49 | INFO | Server running on port 5000
2025-08-17 11:12:52 | INFO | Server running on port 5000
2025-08-17 11:13:02 | INFO | Server running on port 5000
2025-08-17 11:13:07 | INFO | Server running on port 5000
2025-08-17 11:13:15 | INFO | Server running on port 5000
2025-08-17 11:14:11 | INFO | Server running on port 5000
2025-08-17 11:14:14 | INFO | Server running on port 5000
2025-08-17 11:14:19 | INFO | Server running on port 5000
2025-08-17 11:14:22 | INFO | Server running on port 5000
2025-08-17 11:14:52 | INFO | Server running on port 5000
2025-08-17 11:15:02 | INFO | Server running on port 5000
2025-08-17 11:15:05 | INFO | Server running on port 5000
2025-08-17 11:15:08 | INFO | Server running on port 5000
2025-08-17 11:15:11 | INFO | Server running on port 5000
2025-08-17 11:15:13 | INFO | Server running on port 5000
2025-08-17 11:15:17 | INFO | Server running on port 5000
2025-08-17 11:15:19 | INFO | Server running on port 5000
2025-08-17 11:15:23 | INFO | Server running on port 5000
2025-08-17 11:15:26 | INFO | Server running on port 5000
2025-08-17 11:15:31 | INFO | Server running on port 5000
2025-08-17 11:15:40 | INFO | Server running on port 5000
2025-08-17 11:44:26 | INFO | Server running on port 5000
2025-08-17 11:46:15 | INFO | Server running on port 5000
2025-08-17 11:46:21 | INFO | Server running on port 5000
2025-08-17 11:49:42 | INFO | Server running on port 5000
2025-08-17 11:49:44 | INFO | Server running on port 5000
2025-08-17 11:50:10 | INFO | Server running on port 5000
2025-08-17 11:50:13 | INFO | Server running on port 5000
2025-08-17 11:51:33 | INFO | Server running on port 5000
2025-08-17 11:51:36 | INFO | Server running on port 5000
2025-08-17 11:51:39 | INFO | Server running on port 5000
2025-08-17 11:51:41 | INFO | Server running on port 5000
2025-08-17 11:53:27 | INFO | Server running on port 5000
2025-08-17 11:53:32 | INFO | Server running on port 5000
2025-08-17 11:57:27 | INFO | Server running on port 5000
2025-08-17 11:57:29 | INFO | Server running on port 5000
2025-08-17 11:57:31 | INFO | Server running on port 5000
2025-08-17 11:57:36 | INFO | Server running on port 5000
2025-08-17 11:57:39 | INFO | Server running on port 5000
2025-08-17 11:57:41 | INFO | Server running on port 5000
2025-08-17 11:57:46 | INFO | Server running on port 5000
2025-08-17 11:57:55 | INFO | Server running on port 5000
2025-08-17 11:57:57 | INFO | Server running on port 5000
2025-08-17 11:58:15 | INFO | Server running on port 5000
2025-08-17 11:58:19 | INFO | Server running on port 5000
2025-08-17 11:58:28 | INFO | Server running on port 5000
2025-08-17 11:58:32 | INFO | Server running on port 5000
2025-08-17 12:05:28 | INFO | Server running on port 5000
2025-08-17 12:05:45 | INFO | Server running on port 5000
2025-08-17 12:06:30 | INFO | Server running on port 5000
2025-08-17 12:21:42 | INFO | Server running on port 5000
2025-08-17 12:21:48 | INFO | Server running on port 5000
2025-08-17 12:21:53 | INFO | Server running on port 5000
2025-08-17 12:22:10 | INFO | Server running on port 5000
2025-08-17 12:25:56 | INFO | Server running on port 5000
2025-08-17 12:26:40 | INFO | Server running on port 5000
2025-08-17 12:27:15 | INFO | Server running on port 5000
2025-08-17 12:27:18 | INFO | Server running on port 5000
2025-08-17 12:27:22 | INFO | Server running on port 5000
2025-08-17 12:27:26 | INFO | Server running on port 5000
2025-08-17 12:27:29 | INFO | Server running on port 5000
2025-08-17 12:27:35 | INFO | Server running on port 5000
2025-08-17 12:33:21 | INFO | Server running on port 5000
2025-08-17 12:38:03 | INFO | Server running on port 5000
2025-08-17 12:38:12 | INFO | Server running on port 5000
2025-08-17 12:41:47 | INFO | Server running on port 5000
2025-08-17 13:32:32 | INFO | Server running on port 5000
2025-08-17 13:32:36 | INFO | Server running on port 5000
2025-08-17 13:32:39 | INFO | Server running on port 5000
2025-08-17 13:32:42 | INFO | Server running on port 5000
2025-08-17 13:32:52 | INFO | Server running on port 5000
2025-08-17 13:32:55 | INFO | Server running on port 5000
2025-08-17 13:32:57 | INFO | Server running on port 5000
2025-08-17 13:33:05 | INFO | Server running on port 5000
2025-08-17 13:33:07 | INFO | Server running on port 5000
2025-08-17 13:36:05 | INFO | Server running on port 5000
2025-08-17 13:36:40 | INFO | Server running on port 5000
2025-08-17 13:36:46 | ERROR | TypeError: apiModel.getCollectionById is not a function
    at D:\React\postmanback\controllers\apiController.js:17:14
    at Query.<anonymous> (D:\React\postmanback\models\apiModel.js:11:7)
    at Query.<anonymous> (D:\React\postmanback\node_modules\mysql\lib\Connection.js:526:10)
    at Query._callback (D:\React\postmanback\node_modules\mysql\lib\Connection.js:488:16)
    at Sequence.end (D:\React\postmanback\node_modules\mysql\lib\protocol\sequences\Sequence.js:83:24)
    at Query._handleFinalResultPacket (D:\React\postmanback\node_modules\mysql\lib\protocol\sequences\Query.js:149:8)
    at Query.OkPacket (D:\React\postmanback\node_modules\mysql\lib\protocol\sequences\Query.js:74:10)
    at Protocol._parsePacket (D:\React\postmanback\node_modules\mysql\lib\protocol\Protocol.js:291:23)
    at Parser._parsePacket (D:\React\postmanback\node_modules\mysql\lib\protocol\Parser.js:433:10)
    at Parser.write (D:\React\postmanback\node_modules\mysql\lib\protocol\Parser.js:43:10)
2025-08-17 13:41:14 | INFO | Server running on port 5000
2025-08-17 13:41:17 | INFO | Server running on port 5000
2025-08-17 13:41:25 | INFO | Server running on port 5000
2025-08-17 13:44:52 | INFO | Server running on port 5000
2025-08-17 13:44:57 | ERROR | TypeError: apiModel.getCollectionById is not a function
    at D:\React\postmanback\controllers\apiController.js:17:14
    at Query.<anonymous> (D:\React\postmanback\models\apiModel.js:11:7)
    at Query.<anonymous> (D:\React\postmanback\node_modules\mysql\lib\Connection.js:526:10)
    at Query._callback (D:\React\postmanback\node_modules\mysql\lib\Connection.js:488:16)
    at Sequence.end (D:\React\postmanback\node_modules\mysql\lib\protocol\sequences\Sequence.js:83:24)
    at Query._handleFinalResultPacket (D:\React\postmanback\node_modules\mysql\lib\protocol\sequences\Query.js:149:8)
    at Query.OkPacket (D:\React\postmanback\node_modules\mysql\lib\protocol\sequences\Query.js:74:10)
    at Protocol._parsePacket (D:\React\postmanback\node_modules\mysql\lib\protocol\Protocol.js:291:23)
    at Parser._parsePacket (D:\React\postmanback\node_modules\mysql\lib\protocol\Parser.js:433:10)
    at Parser.write (D:\React\postmanback\node_modules\mysql\lib\protocol\Parser.js:43:10)
2025-08-17 13:45:15 | INFO | Server running on port 5000
2025-08-17 13:45:20 | INFO | Server running on port 5000
2025-08-17 19:25:07 | INFO | Server running on port 5000
2025-08-17 19:32:51 | INFO | Server running on port 5000
2025-08-17 22:04:23 | ERROR | TypeError: callback is not a function
    at Query.<anonymous> (D:\React\postmanback\models\apiModel.js:46:14)
    at Query.<anonymous> (D:\React\postmanback\node_modules\mysql\lib\Connection.js:526:10)
    at Query._callback (D:\React\postmanback\node_modules\mysql\lib\Connection.js:488:16)
    at Sequence.end (D:\React\postmanback\node_modules\mysql\lib\protocol\sequences\Sequence.js:83:24)
    at Query._handleFinalResultPacket (D:\React\postmanback\node_modules\mysql\lib\protocol\sequences\Query.js:149:8)
    at Query.OkPacket (D:\React\postmanback\node_modules\mysql\lib\protocol\sequences\Query.js:74:10)
    at Protocol._parsePacket (D:\React\postmanback\node_modules\mysql\lib\protocol\Protocol.js:291:23)
    at Parser._parsePacket (D:\React\postmanback\node_modules\mysql\lib\protocol\Parser.js:433:10)
    at Parser.write (D:\React\postmanback\node_modules\mysql\lib\protocol\Parser.js:43:10)
    at Protocol.write (D:\React\postmanback\node_modules\mysql\lib\protocol\Protocol.js:38:16)
2025-08-17 22:07:44 | INFO | Server running on port 5000
2025-08-17 22:12:08 | INFO | Server running on port 5000
2025-08-17 22:18:23 | INFO | Server running on port 5000
2025-08-17 22:19:38 | INFO | Server running on port 5000
2025-08-17 22:21:53 | INFO | Server running on port 5000
2025-08-18 20:27:04 | INFO | Server running on port 5000
2025-08-18 20:27:32 | INFO | Server running on port 5000
2025-08-18 22:01:50 | INFO | Server running on port 5000
2025-08-18 22:04:15 | INFO | Server running on port 5000
2025-08-22 21:17:05 | INFO | Server running on port 5000
2025-08-22 21:17:30 | INFO | Server running on port 5000
2025-08-23 22:47:24 | INFO | Server running on port 5000
2025-08-23 22:52:20 | INFO | Server running on port 5000
2025-08-23 22:52:23 | INFO | Server running on port 5000
2025-08-23 22:52:26 | INFO | Server running on port 5000
2025-08-23 22:52:31 | INFO | Server running on port 5000
2025-08-23 23:01:37 | INFO | Server running on port 5000
2025-08-24 11:29:59 | INFO | Server running on port 5000
2025-08-24 11:30:03 | INFO | Server running on port 5000
2025-08-24 11:30:20 | INFO | Server running on port 5000
2025-08-24 11:30:22 | INFO | Server running on port 5000
2025-08-24 11:42:12 | INFO | Server running on port 5000
2025-08-24 11:44:08 | INFO | Server running on port 5000
2025-08-24 11:45:12 | INFO | Server running on port 5000
2025-08-24 11:45:37 | INFO | Server running on port 5000
2025-08-24 11:47:05 | INFO | Server running on port 5000
2025-08-24 11:47:40 | INFO | Server running on port 5000
2025-08-24 11:48:03 | INFO | Server running on port 5000
2025-08-24 11:48:22 | INFO | Server running on port 5000
2025-08-24 11:48:23 | INFO | Server running on port 5000
2025-08-24 11:48:24 | INFO | Server running on port 5000
2025-08-24 11:49:07 | INFO | Server running on port 5000
2025-08-24 11:49:09 | INFO | Server running on port 5000
2025-08-24 12:17:27 | INFO | Server running on port 5000
2025-08-24 12:17:39 | INFO | Server running on port 5000
2025-08-24 12:32:36 | INFO | Server running on port 5000
2025-08-24 15:26:57 | ERROR | TypeError: callback is not a function
    at Query.<anonymous> (D:\React\postmanback\models\apiModel.js:47:14)
    at Query.<anonymous> (D:\React\postmanback\node_modules\mysql\lib\Connection.js:526:10)
    at Query._callback (D:\React\postmanback\node_modules\mysql\lib\Connection.js:488:16)
    at Sequence.end (D:\React\postmanback\node_modules\mysql\lib\protocol\sequences\Sequence.js:83:24)
    at Query._handleFinalResultPacket (D:\React\postmanback\node_modules\mysql\lib\protocol\sequences\Query.js:149:8)
    at Query.OkPacket (D:\React\postmanback\node_modules\mysql\lib\protocol\sequences\Query.js:74:10)
    at Protocol._parsePacket (D:\React\postmanback\node_modules\mysql\lib\protocol\Protocol.js:291:23)
    at Parser._parsePacket (D:\React\postmanback\node_modules\mysql\lib\protocol\Parser.js:433:10)
    at Parser.write (D:\React\postmanback\node_modules\mysql\lib\protocol\Parser.js:43:10)
    at Protocol.write (D:\React\postmanback\node_modules\mysql\lib\protocol\Protocol.js:38:16)
2025-08-24 15:41:33 | INFO | Server running on port 5000
2025-08-24 15:42:44 | INFO | Server running on port 5000
2025-08-24 15:42:45 | INFO | Server running on port 5000
2025-08-24 15:43:02 | INFO | Server running on port 5000
2025-08-24 15:45:03 | INFO | Server running on port 5000
2025-08-24 15:45:13 | INFO | Server running on port 5000
2025-08-24 15:45:34 | INFO | Server running on port 5000
2025-08-24 15:45:38 | INFO | Server running on port 5000
2025-08-24 15:45:42 | INFO | Server running on port 5000
2025-08-24 15:46:49 | INFO | Server running on port 5000
2025-08-24 15:48:44 | INFO | Server running on port 5000
2025-08-24 15:49:16 | INFO | Server running on port 5000
2025-08-24 15:49:25 | INFO | Server running on port 5000
2025-08-24 15:49:31 | INFO | Server running on port 5000
2025-08-24 15:49:54 | INFO | Server running on port 5000
2025-08-24 15:49:59 | ERROR | TypeError: callback is not a function
    at Query.<anonymous> (D:\React\postmanback\models\apiModel.js:75:14)
    at Query.<anonymous> (D:\React\postmanback\node_modules\mysql\lib\Connection.js:526:10)
    at Query._callback (D:\React\postmanback\node_modules\mysql\lib\Connection.js:488:16)
    at Sequence.end (D:\React\postmanback\node_modules\mysql\lib\protocol\sequences\Sequence.js:83:24)
    at Query._handleFinalResultPacket (D:\React\postmanback\node_modules\mysql\lib\protocol\sequences\Query.js:149:8)
    at Query.OkPacket (D:\React\postmanback\node_modules\mysql\lib\protocol\sequences\Query.js:74:10)
    at Protocol._parsePacket (D:\React\postmanback\node_modules\mysql\lib\protocol\Protocol.js:291:23)
    at Parser._parsePacket (D:\React\postmanback\node_modules\mysql\lib\protocol\Parser.js:433:10)
    at Parser.write (D:\React\postmanback\node_modules\mysql\lib\protocol\Parser.js:43:10)
    at Protocol.write (D:\React\postmanback\node_modules\mysql\lib\protocol\Protocol.js:38:16)
2025-08-24 15:51:30 | INFO | Server running on port 5000
2025-08-24 15:51:33 | INFO | Server running on port 5000
2025-08-24 15:51:48 | INFO | Server running on port 5000
2025-08-24 15:54:20 | INFO | Server running on port 5000
2025-08-24 15:54:28 | INFO | Server running on port 5000
2025-08-24 15:54:47 | INFO | Server running on port 5000
2025-08-24 15:54:49 | INFO | Server running on port 5000
2025-08-24 15:55:05 | INFO | Server running on port 5000
2025-08-24 15:55:10 | INFO | Server running on port 5000
2025-08-24 15:55:20 | INFO | Server running on port 5000
2025-08-24 15:55:34 | INFO | Server running on port 5000
2025-08-24 15:55:36 | INFO | Server running on port 5000
2025-08-24 15:55:42 | INFO | Server running on port 5000
2025-08-24 15:55:45 | INFO | Server running on port 5000
2025-08-24 15:56:35 | INFO | Server running on port 5000
2025-08-24 15:56:38 | INFO | Server running on port 5000
2025-08-24 15:56:43 | INFO | Server running on port 5000
2025-08-24 15:56:54 | INFO | Server running on port 5000
2025-08-24 15:57:04 | INFO | Server running on port 5000
2025-08-24 16:00:21 | INFO | Server running on port 5000
2025-08-24 16:02:18 | INFO | Server running on port 5000
2025-08-24 16:02:49 | INFO | Server running on port 5000
2025-08-24 16:05:23 | INFO | Server running on port 5000
2025-08-24 16:26:00 | INFO | Server running on port 5000
2025-08-24 16:37:59 | INFO | Server running on port 5000
2025-08-24 16:38:50 | INFO | Server running on port 5000
2025-08-24 22:00:23 | INFO | Server running on port 5000
2025-08-24 22:00:29 | INFO | Server running on port 5000
2025-08-24 22:00:41 | INFO | Server running on port 5000
2025-08-24 22:00:44 | INFO | Server running on port 5000
2025-08-24 22:04:12 | INFO | Server running on port 5000
2025-08-24 22:04:45 | INFO | Server running on port 5000
2025-08-24 22:04:54 | INFO | Server running on port 5000
2025-08-24 22:05:03 | INFO | Server running on port 5000
2025-08-24 22:05:18 | INFO | Server running on port 5000
2025-08-24 22:05:22 | INFO | Server running on port 5000
2025-08-24 22:05:26 | INFO | Server running on port 5000
2025-08-24 22:07:07 | INFO | Server running on port 5000
2025-08-24 22:07:17 | INFO | Server running on port 5000
2025-08-25 06:55:40 | INFO | Server running on port 5000
2025-08-25 06:55:52 | INFO | Server running on port 5000
2025-08-28 09:09:52 | INFO | Server running on port 5000
2025-08-29 19:33:21 | INFO | Server running on port 5000
2025-08-29 19:33:27 | INFO | Server running on port 5000
2025-08-29 19:33:33 | INFO | Server running on port 5000
2025-08-29 19:37:05 | INFO | Server running on port 5000
2025-08-29 19:37:10 | INFO | Server running on port 5000
2025-08-29 19:37:13 | INFO | Server running on port 5000
2025-08-29 19:37:19 | INFO | Server running on port 5000
2025-08-29 19:37:24 | INFO | Server running on port 5000
2025-08-29 19:37:27 | INFO | Server running on port 5000
2025-08-29 19:45:15 | INFO | Server running on port 5000
2025-08-29 19:45:17 | INFO | Server running on port 5000
2025-08-29 19:45:23 | INFO | Server running on port 5000
2025-08-29 19:45:39 | INFO | Server running on port 5000
2025-08-29 19:45:44 | INFO | Server running on port 5000
2025-08-29 19:45:46 | INFO | Server running on port 5000
2025-08-29 19:46:48 | INFO | Server running on port 5000
2025-08-29 19:47:43 | INFO | Server running on port 5000
2025-08-30 07:09:59 | INFO | Server running on port 5000
2025-08-30 10:46:45 | INFO | Server running on port 5000
2025-08-30 10:47:15 | INFO | Server running on port 5000
2025-08-30 10:54:46 | INFO | Server running on port 5000
2025-08-30 10:54:50 | INFO | Server running on port 5000
2025-08-30 10:54:51 | INFO | Server running on port 5000
2025-08-30 10:54:52 | INFO | Server running on port 5000
2025-08-30 10:55:01 | INFO | Server running on port 5000
2025-08-30 10:55:07 | INFO | Server running on port 5000
2025-08-30 10:55:16 | INFO | Server running on port 5000
2025-08-30 10:55:20 | INFO | Server running on port 5000
2025-08-30 10:55:24 | INFO | Server running on port 5000
2025-08-30 10:55:27 | INFO | Server running on port 5000
2025-08-30 10:55:30 | INFO | Server running on port 5000
2025-08-30 10:55:47 | INFO | Server running on port 5000
2025-08-30 10:56:04 | INFO | Server running on port 5000
2025-08-30 10:56:23 | INFO | Server running on port 5000
2025-08-30 10:57:38 | INFO | Server running on port 5000
2025-08-30 10:58:21 | INFO | Server running on port 5000
2025-08-30 10:58:44 | INFO | Server running on port 5000
2025-08-30 11:05:14 | INFO | Server running on port 5000
2025-08-30 11:05:22 | INFO | Server running on port 5000
2025-08-30 11:05:28 | INFO | Server running on port 5000
2025-08-30 11:08:23 | INFO | Server running on port 5000
2025-08-30 11:08:33 | INFO | Server running on port 5000
2025-08-30 11:08:57 | INFO | Server running on port 5000
2025-08-30 11:09:01 | INFO | Server running on port 5000
2025-08-30 11:09:42 | INFO | Server running on port 5000
2025-08-30 11:10:04 | INFO | Server running on port 5000
2025-08-30 11:10:05 | INFO | Server running on port 5000
2025-08-30 11:18:14 | INFO | Server running on port 5000
2025-08-30 11:18:16 | INFO | Server running on port 5000
2025-08-30 11:19:27 | INFO | Server running on port 5000
2025-08-30 11:29:09 | INFO | Server running on port 5000
2025-08-30 11:29:11 | INFO | Server running on port 5000
2025-08-30 11:29:15 | INFO | Server running on port 5000
2025-08-30 11:29:20 | INFO | Server running on port 5000
2025-08-30 11:29:31 | INFO | Server running on port 5000
2025-08-30 11:29:36 | ERROR | TypeError: callback is not a function
    at Query.<anonymous> (D:\React\postmanback\models\apiModel.js:501:18)
    at Query.<anonymous> (D:\React\postmanback\node_modules\mysql\lib\Connection.js:526:10)
    at Query._callback (D:\React\postmanback\node_modules\mysql\lib\Connection.js:488:16)
    at Sequence.end (D:\React\postmanback\node_modules\mysql\lib\protocol\sequences\Sequence.js:83:24)
    at Query._handleFinalResultPacket (D:\React\postmanback\node_modules\mysql\lib\protocol\sequences\Query.js:149:8)
    at Query.EofPacket (D:\React\postmanback\node_modules\mysql\lib\protocol\sequences\Query.js:133:8)
    at Protocol._parsePacket (D:\React\postmanback\node_modules\mysql\lib\protocol\Protocol.js:291:23)
    at Parser._parsePacket (D:\React\postmanback\node_modules\mysql\lib\protocol\Parser.js:433:10)
    at Parser.write (D:\React\postmanback\node_modules\mysql\lib\protocol\Parser.js:43:10)
    at Protocol.write (D:\React\postmanback\node_modules\mysql\lib\protocol\Protocol.js:38:16)
2025-08-30 11:30:19 | INFO | Server running on port 5000
2025-08-30 11:39:58 | INFO | Server running on port 5000
2025-08-30 11:40:00 | INFO | Server running on port 5000
2025-08-30 11:40:02 | INFO | Server running on port 5000
2025-10-02 21:40:17 | INFO | Server running on port 5000
2025-10-02 21:40:53 | INFO | Server running on port 5000
2025-10-02 22:25:15 | INFO | Server running on port 5000
2025-10-06 21:27:38 | INFO | Server running on port 5000
2025-10-06 21:28:02 | INFO | Server running on port 5000
2025-10-06 21:48:58 | INFO | Server running on port 5000
2025-10-06 21:49:13 | INFO | Server running on port 5000
2025-10-06 21:49:14 | INFO | Server running on port 5000
2025-10-06 21:49:34 | INFO | Server running on port 5000
2025-10-12 10:03:39 | INFO | Server running on port 5000
2025-10-12 10:04:17 | INFO | Server running on port 5000
2025-10-12 10:19:39 | INFO | Server running on port 5000
2025-10-12 10:21:40 | INFO | Server running on port 5000
2025-10-12 10:43:48 | INFO | Server running on port 5000
2025-10-12 11:07:15 | INFO | Server running on port 5000
2025-10-12 11:10:25 | INFO | Server running on port 5000
2025-10-12 11:20:12 | INFO | Server running on port 5000
2025-10-12 11:20:15 | INFO | Server running on port 5000
2025-10-12 11:20:17 | INFO | Server running on port 5000
2025-10-12 11:20:19 | INFO | Server running on port 5000
2025-10-12 11:20:21 | INFO | Server running on port 5000
2025-10-12 11:20:27 | INFO | Server running on port 5000
2025-10-12 11:20:29 | INFO | Server running on port 5000
2025-10-12 11:20:34 | INFO | Server running on port 5000
2025-10-12 11:20:46 | INFO | Server running on port 5000
2025-10-12 22:20:29 | INFO | Server running on port 5000
2025-10-12 22:23:34 | INFO | Server running on port 5000
2025-10-12 22:44:26 | INFO | Server running on port 5000
2025-10-14 20:28:43 | INFO | Server running on port 5000
2025-10-14 20:29:13 | INFO | Server running on port 5000
2025-10-15 23:45:59 | INFO | Server running on port 5000
2025-10-15 23:46:11 | INFO | Server running on port 5000
2025-10-15 23:46:14 | INFO | Server running on port 5000
2025-10-15 23:46:31 | INFO | Server running on port 5000
2025-10-15 23:46:43 | INFO | Server running on port 5000
2025-10-15 23:49:12 | INFO | Server running on port 5000
2025-10-15 23:49:18 | INFO | Server running on port 5000
2025-10-15 23:49:26 | INFO | Server running on port 5000
2025-10-15 23:49:29 | INFO | Server running on port 5000
2025-10-29 20:04:04 | INFO | Server running on port 5000
2025-10-29 20:04:43 | INFO | Server running on port 5000
2025-10-29 21:57:18 | INFO | Server running on port 5000
2025-10-29 21:57:48 | INFO | Server running on port 5000
2025-10-29 22:00:11 | INFO | Server running on port 5000
2025-10-29 22:00:59 | INFO | Server running on port 5000
2025-10-29 22:01:05 | INFO | Server running on port 5000
2025-10-29 22:01:10 | INFO | Server running on port 5000
2025-10-29 22:01:13 | INFO | Server running on port 5000
2025-10-29 22:01:15 | INFO | Server running on port 5000
2025-10-29 22:01:31 | INFO | Server running on port 5000
2025-10-29 22:01:34 | INFO | Server running on port 5000
2025-10-29 22:01:35 | INFO | Server running on port 5000
2025-11-30 17:37:28 | INFO | Server running on port 5000
2025-11-30 17:38:07 | INFO | Server running on port 5000
2025-11-30 17:49:29 | INFO | Server running on port 5000
2025-11-30 18:04:20 | INFO | Server running on port 5000
2025-11-30 18:04:37 | INFO | Server running on port 5000
2025-11-30 18:04:42 | INFO | Server running on port 5000
2025-11-30 18:04:47 | INFO | Server running on port 5000
2025-11-30 18:04:55 | INFO | Server running on port 5000
2025-11-30 18:04:59 | INFO | Server running on port 5000
2025-11-30 18:05:02 | INFO | Server running on port 5000
2025-11-30 18:05:05 | INFO | Server running on port 5000
2025-11-30 18:05:09 | INFO | Server running on port 5000
2025-11-30 18:05:14 | INFO | Server running on port 5000
2025-11-30 18:05:18 | INFO | Server running on port 5000
2025-11-30 18:05:22 | INFO | Server running on port 5000
2025-11-30 18:05:31 | INFO | Server running on port 5000
2025-11-30 18:05:33 | INFO | Server running on port 5000
2025-11-30 18:05:44 | INFO | Server running on port 5000
2025-11-30 18:05:51 | INFO | Server running on port 5000
2025-11-30 18:05:54 | INFO | Server running on port 5000
2025-11-30 18:05:58 | INFO | Server running on port 5000
2025-11-30 18:06:02 | INFO | Server running on port 5000
2025-11-30 18:06:23 | INFO | Server running on port 5000
2025-11-30 18:06:28 | INFO | Server running on port 5000
2025-11-30 18:06:32 | INFO | Server running on port 5000
2025-11-30 18:06:36 | INFO | Server running on port 5000
2025-11-30 18:06:46 | INFO | Server running on port 5000
2025-11-30 18:11:28 | INFO | Server running on port 5000
2025-12-06 23:58:20 | INFO | Server running on port 5000
2025-12-07 00:01:10 | INFO | Server running on port 5000
2025-12-07 00:02:14 | INFO | Server running on port 5000
2025-12-07 00:02:27 | INFO | Server running on port 5000
2025-12-07 00:02:49 | INFO | Server running on port 5000
2025-12-07 00:04:14 | INFO | Server running on port 5000
2025-12-07 00:04:49 | INFO | Server running on port 5000
2025-12-07 00:05:16 | INFO | Server running on port 5000
2025-12-07 00:05:20 | INFO | Server running on port 5000
2025-12-07 00:05:23 | INFO | Server running on port 5000
2025-12-07 00:06:43 | INFO | Server running on port 5000
2025-12-07 00:06:47 | INFO | Server running on port 5000
2025-12-07 00:25:51 | INFO | Server running on port 5000
2025-12-07 00:35:13 | INFO | Server running on port 5000
2025-12-07 00:35:55 | INFO | Server running on port 5000
2025-12-07 01:19:29 | INFO | Server running on port 5000
2025-12-07 03:00:35 | INFO | Server running on port 5000
2025-12-07 03:14:50 | INFO | Server running on port 5000
2025-12-07 03:19:12 | INFO | Server running on port 5000
