2025-07-23 22:08:47 | ERROR | TypeError: callback is not a function
    at Query.<anonymous> (D:\React\postmanback\models\apiModel.js:24:14)
    at Query.<anonymous> (D:\React\postmanback\node_modules\mysql\lib\Connection.js:526:10)
    at Query._callback (D:\React\postmanback\node_modules\mysql\lib\Connection.js:488:16)
    at Sequence.end (D:\React\postmanback\node_modules\mysql\lib\protocol\sequences\Sequence.js:83:24)
    at Query._handleFinalResultPacket (D:\React\postmanback\node_modules\mysql\lib\protocol\sequences\Query.js:149:8)
    at Query.OkPacket (D:\React\postmanback\node_modules\mysql\lib\protocol\sequences\Query.js:74:10)
    at Protocol._parsePacket (D:\React\postmanback\node_modules\mysql\lib\protocol\Protocol.js:291:23)
    at Parser._parsePacket (D:\React\postmanback\node_modules\mysql\lib\protocol\Parser.js:433:10)
    at Parser.write (D:\React\postmanback\node_modules\mysql\lib\protocol\Parser.js:43:10)
    at Protocol.write (D:\React\postmanback\node_modules\mysql\lib\protocol\Protocol.js:38:16)
2025-08-17 13:36:46 | ERROR | TypeError: apiModel.getCollectionById is not a function
    at D:\React\postmanback\controllers\apiController.js:17:14
    at Query.<anonymous> (D:\React\postmanback\models\apiModel.js:11:7)
    at Query.<anonymous> (D:\React\postmanback\node_modules\mysql\lib\Connection.js:526:10)
    at Query._callback (D:\React\postmanback\node_modules\mysql\lib\Connection.js:488:16)
    at Sequence.end (D:\React\postmanback\node_modules\mysql\lib\protocol\sequences\Sequence.js:83:24)
    at Query._handleFinalResultPacket (D:\React\postmanback\node_modules\mysql\lib\protocol\sequences\Query.js:149:8)
    at Query.OkPacket (D:\React\postmanback\node_modules\mysql\lib\protocol\sequences\Query.js:74:10)
    at Protocol._parsePacket (D:\React\postmanback\node_modules\mysql\lib\protocol\Protocol.js:291:23)
    at Parser._parsePacket (D:\React\postmanback\node_modules\mysql\lib\protocol\Parser.js:433:10)
    at Parser.write (D:\React\postmanback\node_modules\mysql\lib\protocol\Parser.js:43:10)
2025-08-17 13:44:57 | ERROR | TypeError: apiModel.getCollectionById is not a function
    at D:\React\postmanback\controllers\apiController.js:17:14
    at Query.<anonymous> (D:\React\postmanback\models\apiModel.js:11:7)
    at Query.<anonymous> (D:\React\postmanback\node_modules\mysql\lib\Connection.js:526:10)
    at Query._callback (D:\React\postmanback\node_modules\mysql\lib\Connection.js:488:16)
    at Sequence.end (D:\React\postmanback\node_modules\mysql\lib\protocol\sequences\Sequence.js:83:24)
    at Query._handleFinalResultPacket (D:\React\postmanback\node_modules\mysql\lib\protocol\sequences\Query.js:149:8)
    at Query.OkPacket (D:\React\postmanback\node_modules\mysql\lib\protocol\sequences\Query.js:74:10)
    at Protocol._parsePacket (D:\React\postmanback\node_modules\mysql\lib\protocol\Protocol.js:291:23)
    at Parser._parsePacket (D:\React\postmanback\node_modules\mysql\lib\protocol\Parser.js:433:10)
    at Parser.write (D:\React\postmanback\node_modules\mysql\lib\protocol\Parser.js:43:10)
2025-08-17 22:04:23 | ERROR | TypeError: callback is not a function
    at Query.<anonymous> (D:\React\postmanback\models\apiModel.js:46:14)
    at Query.<anonymous> (D:\React\postmanback\node_modules\mysql\lib\Connection.js:526:10)
    at Query._callback (D:\React\postmanback\node_modules\mysql\lib\Connection.js:488:16)
    at Sequence.end (D:\React\postmanback\node_modules\mysql\lib\protocol\sequences\Sequence.js:83:24)
    at Query._handleFinalResultPacket (D:\React\postmanback\node_modules\mysql\lib\protocol\sequences\Query.js:149:8)
    at Query.OkPacket (D:\React\postmanback\node_modules\mysql\lib\protocol\sequences\Query.js:74:10)
    at Protocol._parsePacket (D:\React\postmanback\node_modules\mysql\lib\protocol\Protocol.js:291:23)
    at Parser._parsePacket (D:\React\postmanback\node_modules\mysql\lib\protocol\Parser.js:433:10)
    at Parser.write (D:\React\postmanback\node_modules\mysql\lib\protocol\Parser.js:43:10)
    at Protocol.write (D:\React\postmanback\node_modules\mysql\lib\protocol\Protocol.js:38:16)
2025-08-24 15:26:57 | ERROR | TypeError: callback is not a function
    at Query.<anonymous> (D:\React\postmanback\models\apiModel.js:47:14)
    at Query.<anonymous> (D:\React\postmanback\node_modules\mysql\lib\Connection.js:526:10)
    at Query._callback (D:\React\postmanback\node_modules\mysql\lib\Connection.js:488:16)
    at Sequence.end (D:\React\postmanback\node_modules\mysql\lib\protocol\sequences\Sequence.js:83:24)
    at Query._handleFinalResultPacket (D:\React\postmanback\node_modules\mysql\lib\protocol\sequences\Query.js:149:8)
    at Query.OkPacket (D:\React\postmanback\node_modules\mysql\lib\protocol\sequences\Query.js:74:10)
    at Protocol._parsePacket (D:\React\postmanback\node_modules\mysql\lib\protocol\Protocol.js:291:23)
    at Parser._parsePacket (D:\React\postmanback\node_modules\mysql\lib\protocol\Parser.js:433:10)
    at Parser.write (D:\React\postmanback\node_modules\mysql\lib\protocol\Parser.js:43:10)
    at Protocol.write (D:\React\postmanback\node_modules\mysql\lib\protocol\Protocol.js:38:16)
2025-08-24 15:49:59 | ERROR | TypeError: callback is not a function
    at Query.<anonymous> (D:\React\postmanback\models\apiModel.js:75:14)
    at Query.<anonymous> (D:\React\postmanback\node_modules\mysql\lib\Connection.js:526:10)
    at Query._callback (D:\React\postmanback\node_modules\mysql\lib\Connection.js:488:16)
    at Sequence.end (D:\React\postmanback\node_modules\mysql\lib\protocol\sequences\Sequence.js:83:24)
    at Query._handleFinalResultPacket (D:\React\postmanback\node_modules\mysql\lib\protocol\sequences\Query.js:149:8)
    at Query.OkPacket (D:\React\postmanback\node_modules\mysql\lib\protocol\sequences\Query.js:74:10)
    at Protocol._parsePacket (D:\React\postmanback\node_modules\mysql\lib\protocol\Protocol.js:291:23)
    at Parser._parsePacket (D:\React\postmanback\node_modules\mysql\lib\protocol\Parser.js:433:10)
    at Parser.write (D:\React\postmanback\node_modules\mysql\lib\protocol\Parser.js:43:10)
    at Protocol.write (D:\React\postmanback\node_modules\mysql\lib\protocol\Protocol.js:38:16)
2025-08-30 11:29:36 | ERROR | TypeError: callback is not a function
    at Query.<anonymous> (D:\React\postmanback\models\apiModel.js:501:18)
    at Query.<anonymous> (D:\React\postmanback\node_modules\mysql\lib\Connection.js:526:10)
    at Query._callback (D:\React\postmanback\node_modules\mysql\lib\Connection.js:488:16)
    at Sequence.end (D:\React\postmanback\node_modules\mysql\lib\protocol\sequences\Sequence.js:83:24)
    at Query._handleFinalResultPacket (D:\React\postmanback\node_modules\mysql\lib\protocol\sequences\Query.js:149:8)
    at Query.EofPacket (D:\React\postmanback\node_modules\mysql\lib\protocol\sequences\Query.js:133:8)
    at Protocol._parsePacket (D:\React\postmanback\node_modules\mysql\lib\protocol\Protocol.js:291:23)
    at Parser._parsePacket (D:\React\postmanback\node_modules\mysql\lib\protocol\Parser.js:433:10)
    at Parser.write (D:\React\postmanback\node_modules\mysql\lib\protocol\Parser.js:43:10)
    at Protocol.write (D:\React\postmanback\node_modules\mysql\lib\protocol\Protocol.js:38:16)
2025-12-08 17:36:45 | ERROR | Unhandled Rejection at:
2025-12-09 19:49:08 | ERROR | Unhandled Rejection at:
2025-12-09 20:03:54 | ERROR | Unhandled Rejection at:
2025-12-22 20:13:31 | ERROR | Unhandled Rejection at:
2025-12-22 20:13:32 | ERROR | Unhandled Rejection at:
2025-12-22 20:28:28 | ERROR | Unhandled Rejection at:
2025-12-22 20:43:28 | ERROR | Unhandled Rejection at:
2025-12-23 04:20:26 | ERROR | Unhandled Rejection at:
2025-12-23 07:23:46 | ERROR | Unhandled Rejection at:
2025-12-23 08:03:53 | ERROR | Unhandled Rejection at:
2025-12-23 13:49:39 | ERROR | Unhandled Rejection at:
2025-12-23 19:10:18 | ERROR | Unhandled Rejection at:
2025-12-23 19:25:10 | ERROR | Unhandled Rejection at:
2025-12-23 19:40:10 | ERROR | Unhandled Rejection at:
2025-12-23 19:55:10 | ERROR | Unhandled Rejection at:
2025-12-23 20:10:10 | ERROR | Unhandled Rejection at:
2025-12-23 20:25:10 | ERROR | Unhandled Rejection at:
2025-12-23 20:40:10 | ERROR | Unhandled Rejection at:
2025-12-23 20:55:10 | ERROR | Unhandled Rejection at:
2025-12-23 21:10:10 | ERROR | Unhandled Rejection at:
2025-12-23 21:25:10 | ERROR | Unhandled Rejection at:
2025-12-23 21:40:10 | ERROR | Unhandled Rejection at:
2025-12-23 21:55:10 | ERROR | Unhandled Rejection at:
2025-12-24 04:21:34 | ERROR | Unhandled Rejection at:
2025-12-24 08:07:21 | ERROR | Unhandled Rejection at:
2025-12-25 02:15:15 | ERROR | Unhandled Rejection at:
2025-12-25 17:02:57 | ERROR | Unhandled Rejection at:
2025-12-25 17:17:53 | ERROR | Unhandled Rejection at:
2025-12-25 17:32:52 | ERROR | Unhandled Rejection at:
2025-12-25 17:47:52 | ERROR | Unhandled Rejection at:
2025-12-25 18:02:52 | ERROR | Unhandled Rejection at:
2025-12-25 18:17:52 | ERROR | Unhandled Rejection at:
2025-12-25 18:32:52 | ERROR | Unhandled Rejection at:
2025-12-25 18:47:52 | ERROR | Unhandled Rejection at:
2025-12-25 19:02:52 | ERROR | Unhandled Rejection at:
2025-12-25 20:45:35 | ERROR | Unhandled Rejection at:
2025-12-25 21:00:34 | ERROR | Unhandled Rejection at:
2025-12-25 21:15:34 | ERROR | Unhandled Rejection at:
2025-12-25 21:30:34 | ERROR | Unhandled Rejection at:
2025-12-26 04:56:33 | ERROR | Unhandled Rejection at:
2025-12-26 06:39:05 | ERROR | Unhandled Rejection at:
2025-12-26 06:54:06 | ERROR | Unhandled Rejection at:
2025-12-26 07:09:06 | ERROR | Unhandled Rejection at:
2025-12-26 07:24:06 | ERROR | Unhandled Rejection at:
2025-12-26 07:39:06 | ERROR | Unhandled Rejection at:
2025-12-26 07:54:06 | ERROR | Unhandled Rejection at:
2025-12-26 08:09:06 | ERROR | Unhandled Rejection at:
2025-12-26 08:24:06 | ERROR | Unhandled Rejection at:
